2024-03-15 06:08:28,511 - INFO - Attempting to display HTML file: nvda_candlestick_chart.html at URL: http://localhost:8000/nvda_candlestick_chart.html
2024-03-15 06:08:28,511 - INFO - Attempting to display HTML file: nvda_candlestick_chart.html at URL: http://localhost:8000/nvda_candlestick_chart.html
2024-03-15 06:22:35,813 - INFO - Attempting to display HTML file: nvda_candle_volume_chart.html at URL: http://localhost:8000/nvda_candle_volume_chart.html
2024-03-15 06:22:35,813 - INFO - Attempting to display HTML file: nvda_candle_volume_chart.html at URL: http://localhost:8000/nvda_candle_volume_chart.html
2024-03-15 06:22:35,813 - INFO - Attempting to display HTML file: nvda_candle_volume_chart.html at URL: http://localhost:8000/nvda_candle_volume_chart.html
2024-03-15 06:22:35,813 - INFO - Attempting to display HTML file: nvda_candle_volume_chart.html at URL: http://localhost:8000/nvda_candle_volume_chart.html
2024-03-15 07:07:43,104 - ERROR - An error occurred: the JSON object must be str, bytes or bytearray, not dict
2024-03-15 07:07:43,104 - ERROR - An error occurred: the JSON object must be str, bytes or bytearray, not dict
2024-03-15 07:07:43,104 - ERROR - An error occurred: the JSON object must be str, bytes or bytearray, not dict
2024-03-15 07:07:43,104 - ERROR - An error occurred: the JSON object must be str, bytes or bytearray, not dict
2024-03-15 07:07:43,104 - ERROR - An error occurred: the JSON object must be str, bytes or bytearray, not dict
2024-03-15 07:07:43,104 - ERROR - An error occurred: the JSON object must be str, bytes or bytearray, not dict
2024-03-15 07:22:22,287 - INFO - Attempting to display HTML file: nvda_candlestick_last_10_days.html at URL: http://localhost:8000/nvda_candlestick_last_10_days.html
2024-03-15 07:22:22,287 - INFO - Attempting to display HTML file: nvda_candlestick_last_10_days.html at URL: http://localhost:8000/nvda_candlestick_last_10_days.html
2024-03-15 07:22:22,287 - INFO - Attempting to display HTML file: nvda_candlestick_last_10_days.html at URL: http://localhost:8000/nvda_candlestick_last_10_days.html
2024-03-15 07:22:22,287 - INFO - Attempting to display HTML file: nvda_candlestick_last_10_days.html at URL: http://localhost:8000/nvda_candlestick_last_10_days.html
2024-03-15 07:22:22,287 - INFO - Attempting to display HTML file: nvda_candlestick_last_10_days.html at URL: http://localhost:8000/nvda_candlestick_last_10_days.html
2024-03-15 07:22:22,287 - INFO - Attempting to display HTML file: nvda_candlestick_last_10_days.html at URL: http://localhost:8000/nvda_candlestick_last_10_days.html
2024-03-15 07:22:22,287 - INFO - Attempting to display HTML file: nvda_candlestick_last_10_days.html at URL: http://localhost:8000/nvda_candlestick_last_10_days.html
2024-04-04 11:00:45,055 - ERROR - An error occurred: the JSON object must be str, bytes or bytearray, not list
2024-04-04 11:00:45,055 - ERROR - An error occurred: the JSON object must be str, bytes or bytearray, not list
2024-04-19 08:53:26,820 - INFO - Attempting to display HTML file: qcom_candlestick_last_5_days.html at URL: http://localhost:8000/qcom_candlestick_last_5_days.html
2024-04-19 08:53:26,820 - INFO - Attempting to display HTML file: qcom_candlestick_last_5_days.html at URL: http://localhost:8000/qcom_candlestick_last_5_days.html
2024-04-19 08:53:26,820 - INFO - Attempting to display HTML file: qcom_candlestick_last_5_days.html at URL: http://localhost:8000/qcom_candlestick_last_5_days.html
2024-04-19 09:01:12,147 - ERROR - Exception occurred when processing users input: Error code: 400 - {'error': {'message': "This model's maximum context length is 128000 tokens. However, your messages resulted in 156267 tokens (155957 in the messages, 310 in the functions). Please reduce the length of the messages or functions.", 'type': 'invalid_request_error', 'param': 'messages', 'code': 'context_length_exceeded'}}
2024-04-19 09:01:12,147 - ERROR - Exception occurred when processing users input: Error code: 400 - {'error': {'message': "This model's maximum context length is 128000 tokens. However, your messages resulted in 156267 tokens (155957 in the messages, 310 in the functions). Please reduce the length of the messages or functions.", 'type': 'invalid_request_error', 'param': 'messages', 'code': 'context_length_exceeded'}}
2024-04-19 09:01:12,148 - ERROR - An error occurred: 'intermediate_steps'
2024-04-19 09:01:12,148 - ERROR - An error occurred: 'intermediate_steps'
2024-04-20 10:57:17,233 - INFO - Attempting to display HTML file: QCOM_last_10_days_candles.csv at URL: http://localhost:8000/QCOM_last_10_days_candles.csv
2024-04-20 10:57:17,233 - INFO - Attempting to display HTML file: QCOM_last_10_days_candles.csv at URL: http://localhost:8000/QCOM_last_10_days_candles.csv
2024-04-20 11:58:16,920 - ERROR - An error occurred: Expecting value: line 1 column 1 (char 0)
2024-04-20 11:58:16,920 - ERROR - An error occurred: Expecting value: line 1 column 1 (char 0)
2024-04-20 12:03:40,593 - INFO - Attempting to display HTML file: qcom_last_5_days.csv at URL: http://localhost:8000/qcom_last_5_days.csv
2024-04-20 12:03:40,593 - INFO - Attempting to display HTML file: qcom_last_5_days.csv at URL: http://localhost:8000/qcom_last_5_days.csv
2024-04-20 12:16:46,209 - ERROR - An error occurred: Expecting value: line 1 column 1 (char 0)
2024-04-20 12:16:46,209 - ERROR - An error occurred: Expecting value: line 1 column 1 (char 0)
2024-04-20 12:18:33,315 - INFO - Artifacts paths not found
2024-04-20 12:18:33,315 - INFO - Artifacts paths not found
2024-04-20 12:18:33,315 - INFO - Artifacts paths not found
2024-04-20 12:20:19,003 - ERROR - An error occurred: Expecting value: line 1 column 1 (char 0)
2024-04-20 12:20:19,003 - ERROR - An error occurred: Expecting value: line 1 column 1 (char 0)
2024-04-20 12:20:19,003 - ERROR - An error occurred: Expecting value: line 1 column 1 (char 0)
2024-04-20 12:20:19,003 - ERROR - An error occurred: Expecting value: line 1 column 1 (char 0)
2024-04-20 12:21:37,873 - INFO - Attempting to display HTML file: SLB_last_5_days_candles.csv at URL: http://localhost:8000/SLB_last_5_days_candles.csv
2024-04-20 12:21:37,873 - INFO - Attempting to display HTML file: SLB_last_5_days_candles.csv at URL: http://localhost:8000/SLB_last_5_days_candles.csv
2024-04-20 12:21:37,873 - INFO - Attempting to display HTML file: SLB_last_5_days_candles.csv at URL: http://localhost:8000/SLB_last_5_days_candles.csv
2024-04-20 12:21:37,873 - INFO - Attempting to display HTML file: SLB_last_5_days_candles.csv at URL: http://localhost:8000/SLB_last_5_days_candles.csv
2024-04-20 12:21:37,873 - INFO - Attempting to display HTML file: SLB_last_5_days_candles.csv at URL: http://localhost:8000/SLB_last_5_days_candles.csv
2024-04-20 16:46:19,324 - INFO - Artifacts paths not found
2024-04-20 16:46:19,324 - INFO - Artifacts paths not found
2024-04-20 16:46:19,324 - INFO - Artifacts paths not found
2024-04-20 18:03:21,563 - ERROR - Exception occurred when processing users input: 1 validation error for PythonProgrammerToolInput
user_input
  field required (type=value_error.missing)
2024-04-20 18:03:21,563 - ERROR - Exception occurred when processing users input: 1 validation error for PythonProgrammerToolInput
user_input
  field required (type=value_error.missing)
2024-04-20 18:03:21,564 - ERROR - An error occurred: 'intermediate_steps'
2024-04-20 18:03:21,564 - ERROR - An error occurred: 'intermediate_steps'
2024-04-20 18:17:06,265 - ERROR - Exception occurred when processing users input: Cannot save file into a non-existent directory: '/csv'
2024-04-20 18:17:06,265 - ERROR - Exception occurred when processing users input: Cannot save file into a non-existent directory: '/csv'
2024-04-20 18:17:06,265 - ERROR - Exception occurred when processing users input: Cannot save file into a non-existent directory: '/csv'
2024-04-20 18:17:06,268 - ERROR - An error occurred: 'intermediate_steps'
2024-04-20 18:17:06,268 - ERROR - An error occurred: 'intermediate_steps'
2024-04-20 18:17:06,268 - ERROR - An error occurred: 'intermediate_steps'
2024-04-20 18:18:33,479 - ERROR - Exception occurred when processing users input: Cannot save file into a non-existent directory: '/artifacts'
2024-04-20 18:18:33,479 - ERROR - Exception occurred when processing users input: Cannot save file into a non-existent directory: '/artifacts'
2024-04-20 18:18:33,481 - ERROR - An error occurred: 'intermediate_steps'
2024-04-20 18:18:33,481 - ERROR - An error occurred: 'intermediate_steps'
2024-04-20 18:21:31,719 - ERROR - Exception occurred when processing users input: Cannot save file into a non-existent directory: '/artifacts'
2024-04-20 18:21:31,719 - ERROR - Exception occurred when processing users input: Cannot save file into a non-existent directory: '/artifacts'
2024-04-20 18:21:31,719 - ERROR - Exception occurred when processing users input: Cannot save file into a non-existent directory: '/artifacts'
2024-04-20 18:21:31,719 - ERROR - Exception occurred when processing users input: Cannot save file into a non-existent directory: '/artifacts'
2024-04-20 18:21:31,719 - ERROR - Exception occurred when processing users input: Cannot save file into a non-existent directory: '/artifacts'
2024-04-20 18:21:31,721 - ERROR - An error occurred: 'intermediate_steps'
2024-04-20 18:21:31,721 - ERROR - An error occurred: 'intermediate_steps'
2024-04-20 18:21:31,721 - ERROR - An error occurred: 'intermediate_steps'
2024-04-20 18:21:31,721 - ERROR - An error occurred: 'intermediate_steps'
2024-04-20 18:21:31,721 - ERROR - An error occurred: 'intermediate_steps'
2024-04-20 18:23:28,680 - ERROR - An error occurred: Expecting value: line 1 column 1 (char 0)
2024-04-20 18:23:28,680 - ERROR - An error occurred: Expecting value: line 1 column 1 (char 0)
2024-04-20 18:23:28,680 - ERROR - An error occurred: Expecting value: line 1 column 1 (char 0)
2024-04-20 18:23:28,680 - ERROR - An error occurred: Expecting value: line 1 column 1 (char 0)
2024-04-20 18:23:28,680 - ERROR - An error occurred: Expecting value: line 1 column 1 (char 0)
2024-04-20 18:23:28,680 - ERROR - An error occurred: Expecting value: line 1 column 1 (char 0)
2024-04-20 18:24:49,359 - INFO - Artifacts paths not found
2024-04-20 18:24:49,359 - INFO - Artifacts paths not found
2024-04-20 18:24:49,359 - INFO - Artifacts paths not found
2024-04-20 18:24:49,359 - INFO - Artifacts paths not found
2024-04-20 18:24:49,359 - INFO - Artifacts paths not found
2024-04-20 18:24:49,359 - INFO - Artifacts paths not found
2024-04-20 18:24:49,359 - INFO - Artifacts paths not found
2024-04-20 18:51:01,993 - INFO - Attempting to display HTML file:  at URL: http://localhost:8000/
2024-04-20 18:51:01,993 - INFO - Attempting to display HTML file:  at URL: http://localhost:8000/
2024-04-20 18:51:01,993 - INFO - Attempting to display HTML file:  at URL: http://localhost:8000/
2024-04-20 18:51:01,993 - INFO - Attempting to display HTML file:  at URL: http://localhost:8000/
2024-04-20 18:51:01,993 - INFO - Attempting to display HTML file:  at URL: http://localhost:8000/
2024-04-20 18:51:01,993 - INFO - Attempting to display HTML file:  at URL: http://localhost:8000/
2024-04-20 18:51:01,993 - INFO - Attempting to display HTML file:  at URL: http://localhost:8000/
2024-04-20 18:53:33,696 - INFO - Attempting to display HTML file:  at URL: http://localhost:8000/
2024-04-20 18:53:33,696 - INFO - Attempting to display HTML file:  at URL: http://localhost:8000/
2024-04-20 18:53:33,696 - INFO - Attempting to display HTML file:  at URL: http://localhost:8000/
2024-04-20 18:53:33,696 - INFO - Attempting to display HTML file:  at URL: http://localhost:8000/
2024-04-20 18:53:33,696 - INFO - Attempting to display HTML file:  at URL: http://localhost:8000/
2024-04-20 18:53:33,696 - INFO - Attempting to display HTML file:  at URL: http://localhost:8000/
2024-04-20 18:53:33,696 - INFO - Attempting to display HTML file:  at URL: http://localhost:8000/
2024-04-20 18:53:33,696 - INFO - Attempting to display HTML file:  at URL: http://localhost:8000/
2024-04-20 18:57:25,928 - INFO - Attempting to display HTML file: cvx_candles_last_500_days.csv at URL: http://localhost:8000/cvx_candles_last_500_days.csv
2024-04-20 18:57:25,928 - INFO - Attempting to display HTML file: cvx_candles_last_500_days.csv at URL: http://localhost:8000/cvx_candles_last_500_days.csv
2024-04-20 18:57:25,928 - INFO - Attempting to display HTML file: cvx_candles_last_500_days.csv at URL: http://localhost:8000/cvx_candles_last_500_days.csv
2024-04-20 18:57:25,928 - INFO - Attempting to display HTML file: cvx_candles_last_500_days.csv at URL: http://localhost:8000/cvx_candles_last_500_days.csv
2024-04-20 18:57:25,928 - INFO - Attempting to display HTML file: cvx_candles_last_500_days.csv at URL: http://localhost:8000/cvx_candles_last_500_days.csv
2024-04-20 18:57:25,928 - INFO - Attempting to display HTML file: cvx_candles_last_500_days.csv at URL: http://localhost:8000/cvx_candles_last_500_days.csv
2024-04-20 18:57:25,928 - INFO - Attempting to display HTML file: cvx_candles_last_500_days.csv at URL: http://localhost:8000/cvx_candles_last_500_days.csv
2024-04-20 18:57:25,928 - INFO - Attempting to display HTML file: cvx_candles_last_500_days.csv at URL: http://localhost:8000/cvx_candles_last_500_days.csv
2024-04-20 19:09:03,864 - ERROR - An error occurred: Expecting value: line 1 column 1 (char 0)
2024-04-20 19:09:03,864 - ERROR - An error occurred: Expecting value: line 1 column 1 (char 0)
2024-04-20 19:12:37,701 - ERROR - An error occurred: Expecting value: line 1 column 1 (char 0)
2024-04-20 19:12:37,701 - ERROR - An error occurred: Expecting value: line 1 column 1 (char 0)
2024-04-20 19:12:37,701 - ERROR - An error occurred: Expecting value: line 1 column 1 (char 0)
2024-04-20 19:14:29,610 - ERROR - An error occurred: Expecting value: line 1 column 1 (char 0)
2024-04-20 19:14:29,610 - ERROR - An error occurred: Expecting value: line 1 column 1 (char 0)
2024-04-20 19:14:29,610 - ERROR - An error occurred: Expecting value: line 1 column 1 (char 0)
2024-04-20 19:14:29,610 - ERROR - An error occurred: Expecting value: line 1 column 1 (char 0)
2024-04-20 19:19:07,966 - ERROR - An error occurred: Expecting value: line 1 column 1 (char 0)
2024-04-20 19:19:07,966 - ERROR - An error occurred: Expecting value: line 1 column 1 (char 0)
2024-04-20 19:19:07,966 - ERROR - An error occurred: Expecting value: line 1 column 1 (char 0)
2024-04-20 19:19:07,966 - ERROR - An error occurred: Expecting value: line 1 column 1 (char 0)
2024-04-20 19:24:50,431 - ERROR - An error occurred: Expecting value: line 1 column 1 (char 0)
2024-04-20 19:24:50,431 - ERROR - An error occurred: Expecting value: line 1 column 1 (char 0)
2024-04-20 19:25:42,756 - ERROR - An error occurred: the JSON object must be str, bytes or bytearray, not list
2024-04-20 19:25:42,756 - ERROR - An error occurred: the JSON object must be str, bytes or bytearray, not list
2024-04-20 19:25:42,756 - ERROR - An error occurred: the JSON object must be str, bytes or bytearray, not list
2024-04-20 19:30:55,177 - ERROR - Exception occurred when processing users input: 1 validation error for PythonProgrammerToolInput
user_input
  field required (type=value_error.missing)
2024-04-20 19:30:55,177 - ERROR - Exception occurred when processing users input: 1 validation error for PythonProgrammerToolInput
user_input
  field required (type=value_error.missing)
2024-04-20 19:30:55,177 - ERROR - Exception occurred when processing users input: 1 validation error for PythonProgrammerToolInput
user_input
  field required (type=value_error.missing)
2024-04-20 19:30:55,177 - ERROR - Exception occurred when processing users input: 1 validation error for PythonProgrammerToolInput
user_input
  field required (type=value_error.missing)
2024-04-20 19:30:55,179 - ERROR - An error occurred: 'intermediate_steps'
2024-04-20 19:30:55,179 - ERROR - An error occurred: 'intermediate_steps'
2024-04-20 19:30:55,179 - ERROR - An error occurred: 'intermediate_steps'
2024-04-20 19:30:55,179 - ERROR - An error occurred: 'intermediate_steps'
2024-04-20 19:36:58,330 - ERROR - An error occurred: Expecting value: line 1 column 1 (char 0)
2024-04-20 19:36:58,330 - ERROR - An error occurred: Expecting value: line 1 column 1 (char 0)
2024-04-20 19:36:58,330 - ERROR - An error occurred: Expecting value: line 1 column 1 (char 0)
2024-04-20 19:36:58,330 - ERROR - An error occurred: Expecting value: line 1 column 1 (char 0)
2024-04-20 19:36:58,330 - ERROR - An error occurred: Expecting value: line 1 column 1 (char 0)
2024-04-20 19:43:47,871 - ERROR - Exception occurred when processing users input: 1 validation error for PythonProgrammerToolInput
user_input
  field required (type=value_error.missing)
2024-04-20 19:43:47,871 - ERROR - Exception occurred when processing users input: 1 validation error for PythonProgrammerToolInput
user_input
  field required (type=value_error.missing)
2024-04-20 19:43:47,871 - ERROR - Exception occurred when processing users input: 1 validation error for PythonProgrammerToolInput
user_input
  field required (type=value_error.missing)
2024-04-20 19:43:47,871 - ERROR - Exception occurred when processing users input: 1 validation error for PythonProgrammerToolInput
user_input
  field required (type=value_error.missing)
2024-04-20 19:43:47,871 - ERROR - Exception occurred when processing users input: 1 validation error for PythonProgrammerToolInput
user_input
  field required (type=value_error.missing)
2024-04-20 19:43:47,873 - ERROR - An error occurred: 'intermediate_steps'
2024-04-20 19:43:47,873 - ERROR - An error occurred: 'intermediate_steps'
2024-04-20 19:43:47,873 - ERROR - An error occurred: 'intermediate_steps'
2024-04-20 19:43:47,873 - ERROR - An error occurred: 'intermediate_steps'
2024-04-20 19:43:47,873 - ERROR - An error occurred: 'intermediate_steps'
2024-04-20 19:45:03,799 - ERROR - Exception occurred when processing users input: 1 validation error for PythonProgrammerToolInput
user_input
  field required (type=value_error.missing)
2024-04-20 19:45:03,799 - ERROR - Exception occurred when processing users input: 1 validation error for PythonProgrammerToolInput
user_input
  field required (type=value_error.missing)
2024-04-20 19:45:03,799 - ERROR - Exception occurred when processing users input: 1 validation error for PythonProgrammerToolInput
user_input
  field required (type=value_error.missing)
2024-04-20 19:45:03,799 - ERROR - Exception occurred when processing users input: 1 validation error for PythonProgrammerToolInput
user_input
  field required (type=value_error.missing)
2024-04-20 19:45:03,799 - ERROR - Exception occurred when processing users input: 1 validation error for PythonProgrammerToolInput
user_input
  field required (type=value_error.missing)
2024-04-20 19:45:03,799 - ERROR - Exception occurred when processing users input: 1 validation error for PythonProgrammerToolInput
user_input
  field required (type=value_error.missing)
2024-04-20 19:45:03,799 - ERROR - Exception occurred when processing users input: 1 validation error for PythonProgrammerToolInput
user_input
  field required (type=value_error.missing)
2024-04-20 19:45:03,801 - ERROR - An error occurred: 'intermediate_steps'
2024-04-20 19:45:03,801 - ERROR - An error occurred: 'intermediate_steps'
2024-04-20 19:45:03,801 - ERROR - An error occurred: 'intermediate_steps'
2024-04-20 19:45:03,801 - ERROR - An error occurred: 'intermediate_steps'
2024-04-20 19:45:03,801 - ERROR - An error occurred: 'intermediate_steps'
2024-04-20 19:45:03,801 - ERROR - An error occurred: 'intermediate_steps'
2024-04-20 19:45:03,801 - ERROR - An error occurred: 'intermediate_steps'
2024-04-20 19:49:58,282 - INFO - Artifacts paths not found
2024-04-20 19:49:58,282 - INFO - Artifacts paths not found
2024-04-20 19:49:58,282 - INFO - Artifacts paths not found
2024-04-20 19:49:58,282 - INFO - Artifacts paths not found
2024-04-20 19:49:58,282 - INFO - Artifacts paths not found
2024-04-20 19:49:58,282 - INFO - Artifacts paths not found
2024-04-20 19:57:49,061 - INFO - Artifacts paths not found
2024-04-20 19:57:49,061 - INFO - Artifacts paths not found
2024-04-20 19:57:49,061 - INFO - Artifacts paths not found
2024-04-20 19:57:49,061 - INFO - Artifacts paths not found
2024-04-20 19:57:49,061 - INFO - Artifacts paths not found
2024-04-20 19:57:49,061 - INFO - Artifacts paths not found
2024-04-20 19:57:49,061 - INFO - Artifacts paths not found
2024-04-20 19:57:49,061 - INFO - Artifacts paths not found
2024-04-21 07:30:40,198 - ERROR - Exception occurred when processing users input: PythonProgrammerTool._run() got an unexpected keyword argument 'previous_code'
2024-04-21 07:30:40,198 - ERROR - Exception occurred when processing users input: PythonProgrammerTool._run() got an unexpected keyword argument 'previous_code'
2024-04-21 07:30:40,199 - ERROR - An error occurred: 'intermediate_steps'
2024-04-21 07:30:40,199 - ERROR - An error occurred: 'intermediate_steps'
2024-04-21 07:48:23,387 - ERROR - Exception occurred when processing users input: Missing some input keys: {'error', 'previous_code'}
2024-04-21 07:48:23,387 - ERROR - Exception occurred when processing users input: Missing some input keys: {'error', 'previous_code'}
2024-04-21 07:48:23,387 - ERROR - Exception occurred when processing users input: Missing some input keys: {'error', 'previous_code'}
2024-04-21 07:48:23,388 - ERROR - An error occurred: 'intermediate_steps'
2024-04-21 07:48:23,388 - ERROR - An error occurred: 'intermediate_steps'
2024-04-21 07:48:23,388 - ERROR - An error occurred: 'intermediate_steps'
2024-04-21 07:52:26,489 - INFO - Artifacts paths not found
2024-04-21 07:52:26,489 - INFO - Artifacts paths not found
2024-04-21 08:07:29,614 - INFO - Attempting to display HTML file: nvda_candlestick_chart_last_5_days.html at URL: http://localhost:8000/nvda_candlestick_chart_last_5_days.html
2024-04-21 08:07:29,614 - INFO - Attempting to display HTML file: nvda_candlestick_chart_last_5_days.html at URL: http://localhost:8000/nvda_candlestick_chart_last_5_days.html
2024-04-21 08:07:29,614 - INFO - Attempting to display HTML file: nvda_candlestick_chart_last_5_days.html at URL: http://localhost:8000/nvda_candlestick_chart_last_5_days.html
2024-04-21 08:17:26,698 - INFO - Attempting to display HTML file: nvda_candles_last_100_days.html at URL: http://localhost:8000/nvda_candles_last_100_days.html
2024-04-21 08:17:26,698 - INFO - Attempting to display HTML file: nvda_candles_last_100_days.html at URL: http://localhost:8000/nvda_candles_last_100_days.html
2024-04-21 08:17:26,698 - INFO - Attempting to display HTML file: nvda_candles_last_100_days.html at URL: http://localhost:8000/nvda_candles_last_100_days.html
2024-04-21 08:17:26,698 - INFO - Attempting to display HTML file: nvda_candles_last_100_days.html at URL: http://localhost:8000/nvda_candles_last_100_days.html
2024-04-21 08:21:38,214 - ERROR - An error occurred: Expecting value: line 1 column 1 (char 0)
2024-04-21 08:21:38,214 - ERROR - An error occurred: Expecting value: line 1 column 1 (char 0)
2024-04-21 08:21:38,214 - ERROR - An error occurred: Expecting value: line 1 column 1 (char 0)
2024-04-21 08:21:38,214 - ERROR - An error occurred: Expecting value: line 1 column 1 (char 0)
2024-04-21 08:21:38,214 - ERROR - An error occurred: Expecting value: line 1 column 1 (char 0)
2024-04-21 08:21:38,214 - ERROR - An error occurred: Expecting value: line 1 column 1 (char 0)
2024-04-21 08:24:22,191 - ERROR - Exception occurred when processing users input: Expecting value: line 1 column 1 (char 0)
2024-04-21 08:24:22,191 - ERROR - Exception occurred when processing users input: Expecting value: line 1 column 1 (char 0)
2024-04-21 08:24:22,195 - ERROR - An error occurred: 'intermediate_steps'
2024-04-21 08:24:22,195 - ERROR - An error occurred: 'intermediate_steps'
2024-04-21 08:31:43,886 - INFO - Artifacts paths not found
2024-04-21 08:31:43,886 - INFO - Artifacts paths not found
2024-04-21 08:31:43,886 - INFO - Artifacts paths not found
2024-04-21 08:43:36,334 - ERROR - An error occurred: Expecting value: line 1 column 1 (char 0)
2024-04-21 08:43:36,334 - ERROR - An error occurred: Expecting value: line 1 column 1 (char 0)
2024-04-21 08:43:36,334 - ERROR - An error occurred: Expecting value: line 1 column 1 (char 0)
2024-04-21 08:43:36,334 - ERROR - An error occurred: Expecting value: line 1 column 1 (char 0)
2024-04-21 08:46:29,702 - INFO - Artifacts paths not found
2024-04-21 08:46:29,702 - INFO - Artifacts paths not found
2024-04-21 08:46:29,702 - INFO - Artifacts paths not found
2024-04-21 08:46:29,702 - INFO - Artifacts paths not found
2024-04-21 08:46:29,702 - INFO - Artifacts paths not found
2024-04-21 08:50:50,456 - INFO - Artifacts paths not found
2024-04-21 08:50:50,456 - INFO - Artifacts paths not found
2024-04-21 08:50:50,456 - INFO - Artifacts paths not found
2024-04-21 08:50:50,456 - INFO - Artifacts paths not found
2024-04-21 08:50:50,456 - INFO - Artifacts paths not found
2024-04-21 08:54:09,535 - INFO - Artifacts paths not found
2024-04-21 08:54:09,535 - INFO - Artifacts paths not found
2024-04-21 08:54:09,535 - INFO - Artifacts paths not found
2024-04-21 08:54:09,535 - INFO - Artifacts paths not found
2024-04-21 08:54:09,535 - INFO - Artifacts paths not found
2024-04-21 08:54:09,535 - INFO - Artifacts paths not found
2024-04-21 08:57:22,944 - INFO - Artifacts paths not found
2024-04-21 08:57:22,944 - INFO - Artifacts paths not found
2024-04-21 08:57:22,944 - INFO - Artifacts paths not found
2024-04-21 08:57:22,944 - INFO - Artifacts paths not found
2024-04-21 08:57:22,944 - INFO - Artifacts paths not found
2024-04-21 08:57:22,944 - INFO - Artifacts paths not found
2024-04-21 08:57:22,944 - INFO - Artifacts paths not found
2024-04-21 09:06:25,350 - INFO - Artifacts paths not found
2024-04-21 09:06:25,350 - INFO - Artifacts paths not found
2024-04-21 09:06:25,350 - INFO - Artifacts paths not found
2024-04-21 09:06:25,350 - INFO - Artifacts paths not found
2024-04-21 09:06:25,350 - INFO - Artifacts paths not found
2024-04-21 09:06:25,350 - INFO - Artifacts paths not found
2024-04-21 09:06:25,350 - INFO - Artifacts paths not found
2024-04-21 09:06:25,350 - INFO - Artifacts paths not found
2024-04-21 09:15:56,179 - INFO - Artifacts paths not found
2024-04-21 09:15:56,179 - INFO - Artifacts paths not found
2024-04-21 09:15:56,179 - INFO - Artifacts paths not found
2024-04-21 09:15:56,179 - INFO - Artifacts paths not found
2024-04-21 09:15:56,179 - INFO - Artifacts paths not found
2024-04-21 09:15:56,179 - INFO - Artifacts paths not found
2024-04-21 09:15:56,179 - INFO - Artifacts paths not found
2024-04-21 09:15:56,179 - INFO - Artifacts paths not found
2024-04-21 09:15:56,179 - INFO - Artifacts paths not found
2024-04-21 09:25:04,046 - INFO - Artifacts paths not found
2024-04-21 09:25:04,046 - INFO - Artifacts paths not found
2024-04-21 09:25:04,046 - INFO - Artifacts paths not found
2024-04-21 09:25:04,046 - INFO - Artifacts paths not found
2024-04-21 09:25:04,046 - INFO - Artifacts paths not found
2024-04-21 09:25:04,046 - INFO - Artifacts paths not found
2024-04-21 09:25:04,046 - INFO - Artifacts paths not found
2024-04-21 09:25:04,046 - INFO - Artifacts paths not found
2024-04-21 09:25:04,046 - INFO - Artifacts paths not found
2024-04-21 09:25:04,046 - INFO - Artifacts paths not found
2024-04-21 09:25:04,046 - INFO - Artifacts paths not found
2024-04-21 09:46:08,873 - INFO - Artifacts paths not found
2024-04-21 09:46:08,873 - INFO - Artifacts paths not found
2024-04-21 10:37:17,444 - ERROR - An error occurred: Expecting value: line 1 column 1 (char 0)
2024-04-21 10:37:17,444 - ERROR - An error occurred: Expecting value: line 1 column 1 (char 0)
2024-04-21 10:37:17,444 - ERROR - An error occurred: Expecting value: line 1 column 1 (char 0)
2024-04-21 10:37:17,444 - ERROR - An error occurred: Expecting value: line 1 column 1 (char 0)
2024-04-21 10:42:53,638 - INFO - Artifacts paths not found
2024-04-21 10:42:53,638 - INFO - Artifacts paths not found
2024-04-21 10:42:53,638 - INFO - Artifacts paths not found
2024-04-21 10:42:53,638 - INFO - Artifacts paths not found
2024-04-21 10:42:53,638 - INFO - Artifacts paths not found
2024-04-21 10:42:53,638 - INFO - Artifacts paths not found
2024-04-21 10:42:53,638 - INFO - Artifacts paths not found
2024-04-21 10:42:53,638 - INFO - Artifacts paths not found
2024-04-21 10:42:53,638 - INFO - Artifacts paths not found
2024-04-21 10:42:53,638 - INFO - Artifacts paths not found
2024-04-21 10:42:53,638 - INFO - Artifacts paths not found
2024-04-21 10:56:24,909 - INFO - Artifacts paths not found
2024-04-21 10:56:24,909 - INFO - Artifacts paths not found
2024-04-21 10:59:27,636 - INFO - Artifacts paths not found
2024-04-21 10:59:27,636 - INFO - Artifacts paths not found
2024-04-21 10:59:27,636 - INFO - Artifacts paths not found
2024-04-21 10:59:27,636 - INFO - Artifacts paths not found
2024-04-21 11:01:53,353 - INFO - Artifacts paths not found
2024-04-21 11:01:53,353 - INFO - Artifacts paths not found
2024-04-21 11:01:53,353 - INFO - Artifacts paths not found
2024-04-21 11:01:53,353 - INFO - Artifacts paths not found
2024-04-21 11:01:53,353 - INFO - Artifacts paths not found
2024-04-21 11:01:53,353 - INFO - Artifacts paths not found
2024-04-21 11:03:04,738 - ERROR - An error occurred: Expecting value: line 1 column 1 (char 0)
2024-04-21 11:03:04,738 - ERROR - An error occurred: Expecting value: line 1 column 1 (char 0)
2024-04-21 11:03:59,583 - ERROR - An error occurred: Expecting value: line 1 column 1 (char 0)
2024-04-21 11:03:59,583 - ERROR - An error occurred: Expecting value: line 1 column 1 (char 0)
2024-04-21 11:03:59,583 - ERROR - An error occurred: Expecting value: line 1 column 1 (char 0)
2024-04-21 11:03:59,583 - ERROR - An error occurred: Expecting value: line 1 column 1 (char 0)
2024-04-21 11:05:23,277 - ERROR - An error occurred: Expecting value: line 1 column 1 (char 0)
2024-04-21 11:05:23,277 - ERROR - An error occurred: Expecting value: line 1 column 1 (char 0)
2024-04-21 11:05:23,277 - ERROR - An error occurred: Expecting value: line 1 column 1 (char 0)
2024-04-21 11:05:23,277 - ERROR - An error occurred: Expecting value: line 1 column 1 (char 0)
2024-04-21 11:05:23,277 - ERROR - An error occurred: Expecting value: line 1 column 1 (char 0)
2024-04-21 11:05:23,277 - ERROR - An error occurred: Expecting value: line 1 column 1 (char 0)
